bdoku/build/intermediates/manifest_merge_blame_file/release/manifest-merger-blame-release-report.txt
1<?xml version="1.0" encoding="utf-8"?>
2<manifest xmlns:android="http://schemas.android.com/apk/res/android"
3    package="com.ironbrand.bdokusudoku"
4    android:allowBackup="false"
5    android:versionCode="5"
6    android:versionName="2.5" >
7
8    <uses-sdk
9        android:minSdkVersion="28"
9-->src/main/AndroidManifest.xml
10        android:targetSdkVersion="29" />
10-->src/main/AndroidManifest.xml
11
12    <!-- Include required permissions for Google Mobile Ads to run. -->
13    <uses-permission android:name="android.permission.INTERNET" />
13-->src/main/AndroidManifest.xml:10:5-67
13-->src/main/AndroidManifest.xml:10:22-64
14    <uses-permission android:name="android.permission.ACCESS_NETWORK_STATE" />
14-->src/main/AndroidManifest.xml:11:5-79
14-->src/main/AndroidManifest.xml:11:22-76
15    <uses-permission android:name="android.permission.WRITE_EXTERNAL_STORAGE" />
15-->src/main/AndroidManifest.xml:12:5-81
15-->src/main/AndroidManifest.xml:12:22-78
16    <uses-permission android:name="android.permission.READ_EXTERNAL_STORAGE" />
16-->src/main/AndroidManifest.xml:13:5-80
16-->src/main/AndroidManifest.xml:13:22-77
17    <uses-permission android:name="android.permission.WAKE_LOCK" />
17-->[com.google.android.gms:play-services-measurement-sdk-api:16.3.0] AndroidManifest.xml:25:5-68
17-->[com.google.android.gms:play-services-measurement-sdk-api:16.3.0] AndroidManifest.xml:25:22-65
18
19    <application
19-->src/main/AndroidManifest.xml:15:5-69:19
20        android:icon="@drawable/bdoku_launcher"
20-->src/main/AndroidManifest.xml:16:9-48
21        android:label="@string/applicationName" >
21-->src/main/AndroidManifest.xml:17:9-48
22        <activity
22-->src/main/AndroidManifest.xml:18:9-21:57
23            android:name="com.ironbrand.controller.BoardActivity"
23-->src/main/AndroidManifest.xml:19:13-66
24            android:screenOrientation="portrait"
24-->src/main/AndroidManifest.xml:20:13-49
25            android:theme="@style/Theme.Sudoku.Board" />
25-->src/main/AndroidManifest.xml:21:13-54
26        <activity
26-->src/main/AndroidManifest.xml:22:9-25:58
27            android:name="com.ironbrand.controller.AboutActivity"
27-->src/main/AndroidManifest.xml:23:13-66
28            android:screenOrientation="portrait"
28-->src/main/AndroidManifest.xml:24:13-49
29            android:theme="@style/Theme.Sudoku.Dialog" />
29-->src/main/AndroidManifest.xml:25:13-55
30        <activity
30-->src/main/AndroidManifest.xml:26:9-29:58
31            android:name="com.ironbrand.controller.ResumeBoardActivity"
31-->src/main/AndroidManifest.xml:27:13-72
32            android:screenOrientation="portrait"
32-->src/main/AndroidManifest.xml:28:13-49
33            android:theme="@style/Theme.Sudoku.Dialog" />
33-->src/main/AndroidManifest.xml:29:13-55
34        <activity
34-->src/main/AndroidManifest.xml:30:9-33:58
35            android:name="com.ironbrand.controller.DifficultyChooserActivity"
35-->src/main/AndroidManifest.xml:31:13-78
36            android:screenOrientation="portrait"
36-->src/main/AndroidManifest.xml:32:13-49
37            android:theme="@style/Theme.Sudoku.Dialog" />
37-->src/main/AndroidManifest.xml:33:13-55
38        <activity
38-->src/main/AndroidManifest.xml:34:9-37:58
39            android:name="com.ironbrand.controller.RestartActivity"
39-->src/main/AndroidManifest.xml:35:13-68
40            android:screenOrientation="portrait"
40-->src/main/AndroidManifest.xml:36:13-49
41            android:theme="@style/Theme.Sudoku.Dialog" />
41-->src/main/AndroidManifest.xml:37:13-55
42
43        <meta-data
43-->src/main/AndroidManifest.xml:39:9-41:57
44            android:name="preloaded_fonts"
44-->src/main/AndroidManifest.xml:40:13-43
45            android:resource="@array/preloaded_fonts" />
45-->src/main/AndroidManifest.xml:41:13-54
46        <meta-data
46-->src/main/AndroidManifest.xml:43:9-45:51
47            android:name="com.google.android.gms.ads.APPLICATION_ID"
47-->src/main/AndroidManifest.xml:44:13-69
48            android:value="@string/admob_app_id" />
48-->src/main/AndroidManifest.xml:45:13-49
49
50        <activity
50-->src/main/AndroidManifest.xml:47:9-68:20
51            android:name="com.ironbrand.controller.AndokuActivity"
51-->src/main/AndroidManifest.xml:48:13-67
52            android:theme="@style/Theme.Sudoku.Splash" >
52-->src/main/AndroidManifest.xml:49:13-55
53            <intent-filter android:label="@string/applicationName" >
53-->src/main/AndroidManifest.xml:50:13-62:29
53-->src/main/AndroidManifest.xml:50:28-67
54                <action android:name="android.intent.action.VIEW" />
54-->src/main/AndroidManifest.xml:51:17-69
54-->src/main/AndroidManifest.xml:51:25-66
55
56                <category android:name="android.intent.category.DEFAULT" />
56-->src/main/AndroidManifest.xml:53:17-76
56-->src/main/AndroidManifest.xml:53:27-73
57                <category android:name="android.intent.category.BROWSABLE" />
57-->src/main/AndroidManifest.xml:54:17-78
57-->src/main/AndroidManifest.xml:54:27-75
58                <!-- Accepts URIs that begin with "http://www.example.com/gizmos” -->
59                <data
59-->src/main/AndroidManifest.xml:56:17-59:45
60                    android:host="www.facebook.com"
60-->src/main/AndroidManifest.xml:57:21-52
61                    android:pathPrefix="/B-Doku-for-Android-287473001316390/?ref=your_pages"
61-->src/main/AndroidManifest.xml:58:21-93
62                    android:scheme="http" />
62-->src/main/AndroidManifest.xml:59:21-42
63                <!-- note that the leading "/" is required for pathPrefix -->
64                <!-- Accepts URIs that begin with "example://gizmos” -->
65            </intent-filter>
66            <intent-filter>
66-->src/main/AndroidManifest.xml:63:13-67:29
67                <action android:name="android.intent.action.MAIN" />
67-->src/main/AndroidManifest.xml:64:17-69
67-->src/main/AndroidManifest.xml:64:25-66
68
69                <category android:name="android.intent.category.LAUNCHER" />
69-->src/main/AndroidManifest.xml:66:17-77
69-->src/main/AndroidManifest.xml:66:27-74
70            </intent-filter>
71        </activity>
72
73        <meta-data
73-->[com.android.support:customtabs:26.1.0] AndroidManifest.xml:23:9-25:38
74            android:name="android.support.VERSION"
74-->[com.android.support:customtabs:26.1.0] AndroidManifest.xml:24:13-51
75            android:value="26.1.0" /> <!-- Include the AdActivity and InAppPurchaseActivity configChanges and themes. -->
75-->[com.android.support:customtabs:26.1.0] AndroidManifest.xml:25:13-35
76        <activity
76-->[com.google.android.gms:play-services-ads-lite:17.2.0] AndroidManifest.xml:29:9-33:64
77            android:name="com.google.android.gms.ads.AdActivity"
77-->[com.google.android.gms:play-services-ads-lite:17.2.0] AndroidManifest.xml:30:13-65
78            android:configChanges="keyboard|keyboardHidden|orientation|screenLayout|uiMode|screenSize|smallestScreenSize"
78-->[com.google.android.gms:play-services-ads-lite:17.2.0] AndroidManifest.xml:31:13-122
79            android:exported="false"
79-->[com.google.android.gms:play-services-ads-lite:17.2.0] AndroidManifest.xml:32:13-37
80            android:theme="@android:style/Theme.Translucent" />
80-->[com.google.android.gms:play-services-ads-lite:17.2.0] AndroidManifest.xml:33:13-61
81
82        <provider
82-->[com.google.android.gms:play-services-ads-lite:17.2.0] AndroidManifest.xml:35:9-39:39
83            android:name="com.google.android.gms.ads.MobileAdsInitProvider"
83-->[com.google.android.gms:play-services-ads-lite:17.2.0] AndroidManifest.xml:36:13-76
84            android:authorities="com.ironbrand.bdokusudoku.mobileadsinitprovider"
84-->[com.google.android.gms:play-services-ads-lite:17.2.0] AndroidManifest.xml:37:13-73
85            android:exported="false"
85-->[com.google.android.gms:play-services-ads-lite:17.2.0] AndroidManifest.xml:38:13-37
86            android:initOrder="100" />
86-->[com.google.android.gms:play-services-ads-lite:17.2.0] AndroidManifest.xml:39:13-36
87
88        <meta-data
88-->[com.google.android.gms:play-services-basement:16.0.1] AndroidManifest.xml:23:9-25:69
89            android:name="com.google.android.gms.version"
89-->[com.google.android.gms:play-services-basement:16.0.1] AndroidManifest.xml:24:13-58
90            android:value="@integer/google_play_services_version" />
90-->[com.google.android.gms:play-services-basement:16.0.1] AndroidManifest.xml:25:13-66
91        <meta-data
91-->[android.arch.lifecycle:runtime:1.0.0] AndroidManifest.xml:25:9-27:47
92            android:name="android.arch.lifecycle.VERSION"
92-->[android.arch.lifecycle:runtime:1.0.0] AndroidManifest.xml:26:13-58
93            android:value="27.0.0-SNAPSHOT" />
93-->[android.arch.lifecycle:runtime:1.0.0] AndroidManifest.xml:27:13-44
94    </application>
95
96</manifest>